#
# There is insufficient memory for the Java Runtime Environment to continue.
# Native memory allocation (malloc) failed to allocate 132960 bytes for Chunk::new
# Possible reasons:
#   The system is out of physical RAM or swap space
#   The process is running with CompressedOops enabled, and the Java Heap may be blocking the growth of the native heap
# Possible solutions:
#   Reduce memory load on the system
#   Increase physical memory or swap space
#   Check if swap backing store is full
#   Decrease Java heap size (-Xmx/-Xms)
#   Decrease number of Java threads
#   Decrease Java thread stack sizes (-Xss)
#   Set larger code cache with -XX:ReservedCodeCacheSize=
#   JVM is running with Unscaled Compressed Oops mode in which the Java heap is
#     placed in the first 4GB address space. The Java Heap base address is the
#     maximum limit for the native heap growth. Please use -XX:HeapBaseMinAddress
#     to set the Java Heap base and to place the Java Heap above 4GB virtual address.
# This output file may be truncated or incomplete.
#
#  Out of Memory Error (./src/hotspot/share/memory/arena.cpp:197), pid=552, tid=13560
#
# JRE version: OpenJDK Runtime Environment (11.0.12+7) (build 11.0.12+7-b1504.28-7817840)
# Java VM: OpenJDK 64-Bit Server VM (11.0.12+7-b1504.28-7817840, mixed mode, tiered, compressed oops, g1 gc, windows-amd64)
# No core dump will be written. Minidumps are not enabled by default on client versions of Windows
#

---------------  S U M M A R Y ------------

Command Line: org.jetbrains.kotlin.cli.jvm.K2JVMCompiler @C:\Users\ranja\Documents\GitHub\builder-app\node_modules\react-native-gradle-plugin\build\20220523_8547919790593207422.compiler.options

Host: Intel(R) Core(TM) i5-8265U CPU @ 1.60GHz, 8 cores, 7G,  Windows 10 , 64 bit Build 22000 (10.0.22000.613)
Time: Mon May 23 15:13:01 2022 India Standard Time elapsed time: 12.721679 seconds (0d 0h 0m 12s)

---------------  T H R E A D  ---------------

Current thread (0x000001cad0fd7800):  JavaThread "C2 CompilerThread0" daemon [_thread_in_native, id=13560, stack(0x000000a4fa300000,0x000000a4fa400000)]


Current CompileTask:
C2:  12721 2749   !   4       java.net.URL::<init> (543 bytes)

Stack: [0x000000a4fa300000,0x000000a4fa400000]
Native frames: (J=compiled Java code, j=interpreted, Vv=VM code, C=native code)
V  [jvm.dll+0x5fbcea]
V  [jvm.dll+0x731905]
V  [jvm.dll+0x732f1d]
V  [jvm.dll+0x7335d3]
V  [jvm.dll+0x247bf8]
V  [jvm.dll+0xc018c]
V  [jvm.dll+0xc06cc]
V  [jvm.dll+0xc02cc]
V  [jvm.dll+0x65806c]
V  [jvm.dll+0x518664]
V  [jvm.dll+0x51adfb]
V  [jvm.dll+0x507405]
V  [jvm.dll+0x505d33]
V  [jvm.dll+0x50a04c]
V  [jvm.dll+0x509ebb]
V  [jvm.dll+0x509e36]
V  [jvm.dll+0x511978]
V  [jvm.dll+0x208303]
V  [jvm.dll+0x201fe0]
V  [jvm.dll+0x1ff71f]
V  [jvm.dll+0x18868c]
V  [jvm.dll+0x20e0d7]
V  [jvm.dll+0x20c901]
V  [jvm.dll+0x6f9b7f]
V  [jvm.dll+0x6f26a5]
V  [jvm.dll+0x5fabf6]
C  [ucrtbase.dll+0x26c0c]
C  [KERNEL32.DLL+0x154e0]
C  [ntdll.dll+0x485b]


---------------  P R O C E S S  ---------------

Threads class SMR info:
_java_thread_list=0x000001cad1ac32a0, length=10, elements={
0x000001cab6c82000, 0x000001cad0fb9000, 0x000001cad0fc4000, 0x000001cad1978800,
0x000001cad197a000, 0x000001cad197b000, 0x000001cad0fd7800, 0x000001cad0fda800,
0x000001cad0fe4000, 0x000001cad1ace800
}

Java Threads: ( => current thread )
  0x000001cab6c82000 JavaThread "main" [_thread_in_vm, id=9592, stack(0x000000a4f9700000,0x000000a4f9800000)]
  0x000001cad0fb9000 JavaThread "Reference Handler" daemon [_thread_blocked, id=15628, stack(0x000000a4f9e00000,0x000000a4f9f00000)]
  0x000001cad0fc4000 JavaThread "Finalizer" daemon [_thread_blocked, id=16612, stack(0x000000a4f9f00000,0x000000a4fa000000)]
  0x000001cad1978800 JavaThread "Signal Dispatcher" daemon [_thread_blocked, id=3864, stack(0x000000a4fa000000,0x000000a4fa100000)]
  0x000001cad197a000 JavaThread "Attach Listener" daemon [_thread_blocked, id=16480, stack(0x000000a4fa100000,0x000000a4fa200000)]
  0x000001cad197b000 JavaThread "Service Thread" daemon [_thread_blocked, id=14552, stack(0x000000a4fa200000,0x000000a4fa300000)]
=>0x000001cad0fd7800 JavaThread "C2 CompilerThread0" daemon [_thread_in_native, id=13560, stack(0x000000a4fa300000,0x000000a4fa400000)]
  0x000001cad0fda800 JavaThread "C1 CompilerThread0" daemon [_thread_blocked, id=816, stack(0x000000a4fa400000,0x000000a4fa500000)]
  0x000001cad0fe4000 JavaThread "Sweeper thread" daemon [_thread_blocked, id=18276, stack(0x000000a4fa500000,0x000000a4fa600000)]
  0x000001cad1ace800 JavaThread "Common-Cleaner" daemon [_thread_blocked, id=19020, stack(0x000000a4fa700000,0x000000a4fa800000)]

Other Threads:
  0x000001cad0fb5000 VMThread "VM Thread" [stack: 0x000000a4f9d00000,0x000000a4f9e00000] [id=17380]
  0x000001cad1ac1000 WatcherThread [stack: 0x000000a4fa600000,0x000000a4fa700000] [id=4544]
  0x000001cab4b3b000 GCTaskThread "GC Thread#0" [stack: 0x000000a4f9800000,0x000000a4f9900000] [id=18656]
  0x000001cad20b1000 GCTaskThread "GC Thread#1" [stack: 0x000000a4fa800000,0x000000a4fa900000] [id=3300]
  0x000001cad1f53800 GCTaskThread "GC Thread#2" [stack: 0x000000a4fa900000,0x000000a4faa00000] [id=11596]
  0x000001cad3896800 GCTaskThread "GC Thread#3" [stack: 0x000000a4fae00000,0x000000a4faf00000] [id=8280]
  0x000001cad3897800 GCTaskThread "GC Thread#4" [stack: 0x000000a4faf00000,0x000000a4fb000000] [id=12276]
  0x000001cab6cc5000 ConcurrentGCThread "G1 Main Marker" [stack: 0x000000a4f9900000,0x000000a4f9a00000] [id=15532]
  0x000001cab6cc6800 ConcurrentGCThread "G1 Conc#0" [stack: 0x000000a4f9a00000,0x000000a4f9b00000] [id=6020]
  0x000001cad2413800 ConcurrentGCThread "G1 Conc#1" [stack: 0x000000a4faa00000,0x000000a4fab00000] [id=1616]
  0x000001cad0e00800 ConcurrentGCThread "G1 Refine#0" [stack: 0x000000a4f9b00000,0x000000a4f9c00000] [id=10808]
  0x000001cad49f0800 ConcurrentGCThread "G1 Refine#1" [stack: 0x000000a4fab00000,0x000000a4fac00000] [id=19028]
  0x000001cad2fa9800 ConcurrentGCThread "G1 Refine#2" [stack: 0x000000a4fac00000,0x000000a4fad00000] [id=8272]
  0x000001cad24ec800 ConcurrentGCThread "G1 Refine#3" [stack: 0x000000a4fad00000,0x000000a4fae00000] [id=17468]
  0x000001cad0e01800 ConcurrentGCThread "G1 Young RemSet Sampling" [stack: 0x000000a4f9c00000,0x000000a4f9d00000] [id=2136]

Threads with active compile tasks:
C2 CompilerThread0  14143 2749   !   4       java.net.URL::<init> (543 bytes)

VM state:not at safepoint (normal execution)

VM Mutex/Monitor currently owned by a thread:  ([mutex/lock_event])
[0x000001cab6c7f750] MetaspaceExpand_lock - owner thread: 0x000001cab6c82000

Heap address: 0x0000000082400000, size: 2012 MB, Compressed Oops mode: 32-bit
Narrow klass base: 0x0000000000000000, Narrow klass shift: 3
Compressed class space size: 1073741824 Address: 0x0000000100000000

Heap:
 garbage-first heap   total 245760K, used 39597K [0x0000000082400000, 0x0000000100000000)
  region size 1024K, 10 young (10240K), 2 survivors (2048K)
 Metaspace       used 40935K, capacity 41529K, committed 41680K, reserved 1085440K
  class space    used 4891K, capacity 5148K, committed 5248K, reserved 1048576K
Heap Regions: E=young(eden), S=young(survivor), O=old, HS=humongous(starts), HC=humongous(continues), CS=collection set, F=free, A=archive, TAMS=top-at-mark-start (previous, next)
|   0|0x0000000082400000, 0x0000000082500000, 0x0000000082500000|100%|HS|  |TAMS 0x0000000082500000, 0x0000000082400000| Complete 
|   1|0x0000000082500000, 0x0000000082600000, 0x0000000082600000|100%|HC|  |TAMS 0x0000000082600000, 0x0000000082500000| Complete 
|   2|0x0000000082600000, 0x0000000082700000, 0x0000000082700000|100%|HC|  |TAMS 0x0000000082700000, 0x0000000082600000| Complete 
|   3|0x0000000082700000, 0x0000000082800000, 0x0000000082800000|100%|HS|  |TAMS 0x0000000082800000, 0x0000000082700000| Complete 
|   4|0x0000000082800000, 0x0000000082900000, 0x0000000082900000|100%|HC|  |TAMS 0x0000000082900000, 0x0000000082800000| Complete 
|   5|0x0000000082900000, 0x0000000082a00000, 0x0000000082a00000|100%|HC|  |TAMS 0x0000000082a00000, 0x0000000082900000| Complete 
|   6|0x0000000082a00000, 0x0000000082b00000, 0x0000000082b00000|100%|HS|  |TAMS 0x0000000082a00000, 0x0000000082a00000| Complete 
|   7|0x0000000082b00000, 0x0000000082c00000, 0x0000000082c00000|100%| O|  |TAMS 0x0000000082c00000, 0x0000000082b00000| Untracked 
|   8|0x0000000082c00000, 0x0000000082d00000, 0x0000000082d00000|100%| O|  |TAMS 0x0000000082d00000, 0x0000000082c00000| Untracked 
|   9|0x0000000082d00000, 0x0000000082e00000, 0x0000000082e00000|100%| O|  |TAMS 0x0000000082e00000, 0x0000000082d00000| Untracked 
|  10|0x0000000082e00000, 0x0000000082f00000, 0x0000000082f00000|100%| O|  |TAMS 0x0000000082f00000, 0x0000000082e00000| Untracked 
|  11|0x0000000082f00000, 0x0000000083000000, 0x0000000083000000|100%| O|  |TAMS 0x0000000083000000, 0x0000000082f00000| Untracked 
|  12|0x0000000083000000, 0x0000000083100000, 0x0000000083100000|100%| O|  |TAMS 0x0000000083100000, 0x0000000083000000| Untracked 
|  13|0x0000000083100000, 0x0000000083200000, 0x0000000083200000|100%| O|  |TAMS 0x0000000083200000, 0x0000000083100000| Untracked 
|  14|0x0000000083200000, 0x0000000083300000, 0x0000000083300000|100%| O|  |TAMS 0x0000000083300000, 0x0000000083200000| Untracked 
|  15|0x0000000083300000, 0x0000000083400000, 0x0000000083400000|100%| O|  |TAMS 0x0000000083400000, 0x0000000083300000| Untracked 
|  16|0x0000000083400000, 0x0000000083500000, 0x0000000083500000|100%| O|  |TAMS 0x0000000083500000, 0x0000000083400000| Untracked 
|  17|0x0000000083500000, 0x0000000083600000, 0x0000000083600000|100%| O|  |TAMS 0x0000000083600000, 0x0000000083500000| Untracked 
|  18|0x0000000083600000, 0x0000000083700000, 0x0000000083700000|100%| O|  |TAMS 0x0000000083700000, 0x0000000083600000| Untracked 
|  19|0x0000000083700000, 0x0000000083800000, 0x0000000083800000|100%| O|  |TAMS 0x00000000837efc00, 0x0000000083700000| Untracked 
|  20|0x0000000083800000, 0x0000000083900000, 0x0000000083900000|100%| O|  |TAMS 0x0000000083800000, 0x0000000083800000| Untracked 
|  21|0x0000000083900000, 0x0000000083a00000, 0x0000000083a00000|100%| O|  |TAMS 0x0000000083900000, 0x0000000083900000| Untracked 
|  22|0x0000000083a00000, 0x0000000083b00000, 0x0000000083b00000|100%| O|  |TAMS 0x0000000083a00000, 0x0000000083a00000| Untracked 
|  23|0x0000000083b00000, 0x0000000083c00000, 0x0000000083c00000|100%| O|  |TAMS 0x0000000083c00000, 0x0000000083b00000| Untracked 
|  24|0x0000000083c00000, 0x0000000083d00000, 0x0000000083d00000|100%| O|  |TAMS 0x0000000083d00000, 0x0000000083c00000| Untracked 
|  25|0x0000000083d00000, 0x0000000083e00000, 0x0000000083e00000|100%| O|  |TAMS 0x0000000083e00000, 0x0000000083d00000| Untracked 
|  26|0x0000000083e00000, 0x0000000083f00000, 0x0000000083f00000|100%| O|  |TAMS 0x0000000083f00000, 0x0000000083e00000| Untracked 
|  27|0x0000000083f00000, 0x0000000084000000, 0x0000000084000000|100%| O|  |TAMS 0x0000000084000000, 0x0000000083f00000| Untracked 
|  28|0x0000000084000000, 0x0000000084100000, 0x0000000084100000|100%| O|  |TAMS 0x0000000084000000, 0x0000000084000000| Untracked 
|  29|0x0000000084100000, 0x00000000841ab600, 0x0000000084200000| 66%| O|  |TAMS 0x0000000084100000, 0x0000000084100000| Untracked 
|  30|0x0000000084200000, 0x0000000084200000, 0x0000000084300000|  0%| F|  |TAMS 0x0000000084200000, 0x0000000084200000| Untracked 
|  31|0x0000000084300000, 0x0000000084300000, 0x0000000084400000|  0%| F|  |TAMS 0x0000000084300000, 0x0000000084300000| Untracked 
|  32|0x0000000084400000, 0x0000000084400000, 0x0000000084500000|  0%| F|  |TAMS 0x0000000084400000, 0x0000000084400000| Untracked 
|  33|0x0000000084500000, 0x0000000084500000, 0x0000000084600000|  0%| F|  |TAMS 0x0000000084500000, 0x0000000084500000| Untracked 
|  34|0x0000000084600000, 0x0000000084600000, 0x0000000084700000|  0%| F|  |TAMS 0x0000000084600000, 0x0000000084600000| Untracked 
|  35|0x0000000084700000, 0x0000000084700000, 0x0000000084800000|  0%| F|  |TAMS 0x0000000084700000, 0x0000000084700000| Untracked 
|  36|0x0000000084800000, 0x0000000084800000, 0x0000000084900000|  0%| F|  |TAMS 0x0000000084800000, 0x0000000084800000| Untracked 
|  37|0x0000000084900000, 0x0000000084900000, 0x0000000084a00000|  0%| F|  |TAMS 0x0000000084900000, 0x0000000084900000| Untracked 
|  38|0x0000000084a00000, 0x0000000084b00000, 0x0000000084b00000|100%| O|  |TAMS 0x0000000084a00000, 0x0000000084a00000| Untracked 
|  39|0x0000000084b00000, 0x0000000084b00000, 0x0000000084c00000|  0%| F|  |TAMS 0x0000000084b00000, 0x0000000084b00000| Untracked 
|  40|0x0000000084c00000, 0x0000000084c00000, 0x0000000084d00000|  0%| F|  |TAMS 0x0000000084c00000, 0x0000000084c00000| Untracked 
|  41|0x0000000084d00000, 0x0000000084d00000, 0x0000000084e00000|  0%| F|  |TAMS 0x0000000084d00000, 0x0000000084d00000| Untracked 
|  42|0x0000000084e00000, 0x0000000084e00000, 0x0000000084f00000|  0%| F|  |TAMS 0x0000000084e00000, 0x0000000084e00000| Untracked 
|  43|0x0000000084f00000, 0x0000000084f00000, 0x0000000085000000|  0%| F|  |TAMS 0x0000000084f00000, 0x0000000084f00000| Untracked 
|  44|0x0000000085000000, 0x0000000085000000, 0x0000000085100000|  0%| F|  |TAMS 0x0000000085000000, 0x0000000085000000| Untracked 
|  45|0x0000000085100000, 0x0000000085100000, 0x0000000085200000|  0%| F|  |TAMS 0x0000000085100000, 0x0000000085100000| Untracked 
|  46|0x0000000085200000, 0x0000000085200000, 0x0000000085300000|  0%| F|  |TAMS 0x0000000085200000, 0x0000000085200000| Untracked 
|  47|0x0000000085300000, 0x0000000085300000, 0x0000000085400000|  0%| F|  |TAMS 0x0000000085300000, 0x0000000085300000| Untracked 
|  48|0x0000000085400000, 0x0000000085400000, 0x0000000085500000|  0%| F|  |TAMS 0x0000000085400000, 0x0000000085400000| Untracked 
|  49|0x0000000085500000, 0x0000000085500000, 0x0000000085600000|  0%| F|  |TAMS 0x0000000085500000, 0x0000000085500000| Untracked 
|  50|0x0000000085600000, 0x0000000085600000, 0x0000000085700000|  0%| F|  |TAMS 0x0000000085600000, 0x0000000085600000| Untracked 
|  51|0x0000000085700000, 0x0000000085700000, 0x0000000085800000|  0%| F|  |TAMS 0x0000000085700000, 0x0000000085700000| Untracked 
|  52|0x0000000085800000, 0x0000000085800000, 0x0000000085900000|  0%| F|  |TAMS 0x0000000085800000, 0x0000000085800000| Untracked 
|  53|0x0000000085900000, 0x0000000085900000, 0x0000000085a00000|  0%| F|  |TAMS 0x0000000085900000, 0x0000000085900000| Untracked 
|  54|0x0000000085a00000, 0x0000000085a00000, 0x0000000085b00000|  0%| F|  |TAMS 0x0000000085a00000, 0x0000000085a00000| Untracked 
|  55|0x0000000085b00000, 0x0000000085b00000, 0x0000000085c00000|  0%| F|  |TAMS 0x0000000085b00000, 0x0000000085b00000| Untracked 
|  56|0x0000000085c00000, 0x0000000085c00000, 0x0000000085d00000|  0%| F|  |TAMS 0x0000000085c00000, 0x0000000085c00000| Untracked 
|  57|0x0000000085d00000, 0x0000000085d00000, 0x0000000085e00000|  0%| F|  |TAMS 0x0000000085d00000, 0x0000000085d00000| Untracked 
|  58|0x0000000085e00000, 0x0000000085e00000, 0x0000000085f00000|  0%| F|  |TAMS 0x0000000085e00000, 0x0000000085e00000| Untracked 
|  59|0x0000000085f00000, 0x0000000085f00000, 0x0000000086000000|  0%| F|  |TAMS 0x0000000085f00000, 0x0000000085f00000| Untracked 
|  60|0x0000000086000000, 0x0000000086000000, 0x0000000086100000|  0%| F|  |TAMS 0x0000000086000000, 0x0000000086000000| Untracked 
|  61|0x0000000086100000, 0x0000000086100000, 0x0000000086200000|  0%| F|  |TAMS 0x0000000086100000, 0x0000000086100000| Untracked 
|  62|0x0000000086200000, 0x0000000086200000, 0x0000000086300000|  0%| F|  |TAMS 0x0000000086200000, 0x0000000086200000| Untracked 
|  63|0x0000000086300000, 0x0000000086300000, 0x0000000086400000|  0%| F|  |TAMS 0x0000000086300000, 0x0000000086300000| Untracked 
|  64|0x0000000086400000, 0x0000000086400000, 0x0000000086500000|  0%| F|  |TAMS 0x0000000086400000, 0x0000000086400000| Untracked 
|  65|0x0000000086500000, 0x0000000086500000, 0x0000000086600000|  0%| F|  |TAMS 0x0000000086500000, 0x0000000086500000| Untracked 
|  66|0x0000000086600000, 0x0000000086600000, 0x0000000086700000|  0%| F|  |TAMS 0x0000000086600000, 0x0000000086600000| Untracked 
|  67|0x0000000086700000, 0x0000000086700000, 0x0000000086800000|  0%| F|  |TAMS 0x0000000086700000, 0x0000000086700000| Untracked 
|  68|0x0000000086800000, 0x0000000086800000, 0x0000000086900000|  0%| F|  |TAMS 0x0000000086800000, 0x0000000086800000| Untracked 
|  69|0x0000000086900000, 0x0000000086900000, 0x0000000086a00000|  0%| F|  |TAMS 0x0000000086900000, 0x0000000086900000| Untracked 
|  70|0x0000000086a00000, 0x0000000086a00000, 0x0000000086b00000|  0%| F|  |TAMS 0x0000000086a00000, 0x0000000086a00000| Untracked 
|  71|0x0000000086b00000, 0x0000000086b00000, 0x0000000086c00000|  0%| F|  |TAMS 0x0000000086b00000, 0x0000000086b00000| Untracked 
|  72|0x0000000086c00000, 0x0000000086c00000, 0x0000000086d00000|  0%| F|  |TAMS 0x0000000086c00000, 0x0000000086c00000| Untracked 
|  73|0x0000000086d00000, 0x0000000086d00000, 0x0000000086e00000|  0%| F|  |TAMS 0x0000000086d00000, 0x0000000086d00000| Untracked 
|  74|0x0000000086e00000, 0x0000000086e00000, 0x0000000086f00000|  0%| F|  |TAMS 0x0000000086e00000, 0x0000000086e00000| Untracked 
|  75|0x0000000086f00000, 0x0000000086f00000, 0x0000000087000000|  0%| F|  |TAMS 0x0000000086f00000, 0x0000000086f00000| Untracked 
|  76|0x0000000087000000, 0x0000000087000000, 0x0000000087100000|  0%| F|  |TAMS 0x0000000087000000, 0x0000000087000000| Untracked 
|  77|0x0000000087100000, 0x0000000087100000, 0x0000000087200000|  0%| F|  |TAMS 0x0000000087100000, 0x0000000087100000| Untracked 
|  78|0x0000000087200000, 0x0000000087200000, 0x0000000087300000|  0%| F|  |TAMS 0x0000000087200000, 0x0000000087200000| Untracked 
|  79|0x0000000087300000, 0x0000000087300000, 0x0000000087400000|  0%| F|  |TAMS 0x0000000087300000, 0x0000000087300000| Untracked 
|  80|0x0000000087400000, 0x0000000087400000, 0x0000000087500000|  0%| F|  |TAMS 0x0000000087400000, 0x0000000087400000| Untracked 
|  81|0x0000000087500000, 0x0000000087500000, 0x0000000087600000|  0%| F|  |TAMS 0x0000000087500000, 0x0000000087500000| Untracked 
|  82|0x0000000087600000, 0x0000000087600000, 0x0000000087700000|  0%| F|  |TAMS 0x0000000087600000, 0x0000000087600000| Untracked 
|  83|0x0000000087700000, 0x0000000087700000, 0x0000000087800000|  0%| F|  |TAMS 0x0000000087700000, 0x0000000087700000| Untracked 
|  84|0x0000000087800000, 0x0000000087800000, 0x0000000087900000|  0%| F|  |TAMS 0x0000000087800000, 0x0000000087800000| Untracked 
|  85|0x0000000087900000, 0x0000000087900000, 0x0000000087a00000|  0%| F|  |TAMS 0x0000000087900000, 0x0000000087900000| Untracked 
|  86|0x0000000087a00000, 0x0000000087a00000, 0x0000000087b00000|  0%| F|  |TAMS 0x0000000087a00000, 0x0000000087a00000| Untracked 
|  87|0x0000000087b00000, 0x0000000087b00000, 0x0000000087c00000|  0%| F|  |TAMS 0x0000000087b00000, 0x0000000087b00000| Untracked 
|  88|0x0000000087c00000, 0x0000000087c00000, 0x0000000087d00000|  0%| F|  |TAMS 0x0000000087c00000, 0x0000000087c00000| Untracked 
|  89|0x0000000087d00000, 0x0000000087d00000, 0x0000000087e00000|  0%| F|  |TAMS 0x0000000087d00000, 0x0000000087d00000| Untracked 
|  90|0x0000000087e00000, 0x0000000087e00000, 0x0000000087f00000|  0%| F|  |TAMS 0x0000000087e00000, 0x0000000087e00000| Untracked 
|  91|0x0000000087f00000, 0x0000000087f00000, 0x0000000088000000|  0%| F|  |TAMS 0x0000000087f00000, 0x0000000087f00000| Untracked 
|  92|0x0000000088000000, 0x0000000088000000, 0x0000000088100000|  0%| F|  |TAMS 0x0000000088000000, 0x0000000088000000| Untracked 
|  93|0x0000000088100000, 0x0000000088100000, 0x0000000088200000|  0%| F|  |TAMS 0x0000000088100000, 0x0000000088100000| Untracked 
|  94|0x0000000088200000, 0x0000000088200000, 0x0000000088300000|  0%| F|  |TAMS 0x0000000088200000, 0x0000000088200000| Untracked 
|  95|0x0000000088300000, 0x0000000088300000, 0x0000000088400000|  0%| F|  |TAMS 0x0000000088300000, 0x0000000088300000| Untracked 
|  96|0x0000000088400000, 0x0000000088400000, 0x0000000088500000|  0%| F|  |TAMS 0x0000000088400000, 0x0000000088400000| Untracked 
|  97|0x0000000088500000, 0x0000000088500000, 0x0000000088600000|  0%| F|  |TAMS 0x0000000088500000, 0x0000000088500000| Untracked 
|  98|0x0000000088600000, 0x0000000088600000, 0x0000000088700000|  0%| F|  |TAMS 0x0000000088600000, 0x0000000088600000| Untracked 
|  99|0x0000000088700000, 0x0000000088700000, 0x0000000088800000|  0%| F|  |TAMS 0x0000000088700000, 0x0000000088700000| Untracked 
| 100|0x0000000088800000, 0x0000000088800000, 0x0000000088900000|  0%| F|  |TAMS 0x0000000088800000, 0x0000000088800000| Untracked 
| 101|0x0000000088900000, 0x0000000088900000, 0x0000000088a00000|  0%| F|  |TAMS 0x0000000088900000, 0x0000000088900000| Untracked 
| 102|0x0000000088a00000, 0x0000000088a00000, 0x0000000088b00000|  0%| F|  |TAMS 0x0000000088a00000, 0x0000000088a00000| Untracked 
| 103|0x0000000088b00000, 0x0000000088b00000, 0x0000000088c00000|  0%| F|  |TAMS 0x0000000088b00000, 0x0000000088b00000| Untracked 
| 104|0x0000000088c00000, 0x0000000088c00000, 0x0000000088d00000|  0%| F|  |TAMS 0x0000000088c00000, 0x0000000088c00000| Untracked 
| 105|0x0000000088d00000, 0x0000000088d00000, 0x0000000088e00000|  0%| F|  |TAMS 0x0000000088d00000, 0x0000000088d00000| Untracked 
| 106|0x0000000088e00000, 0x0000000088e00000, 0x0000000088f00000|  0%| F|  |TAMS 0x0000000088e00000, 0x0000000088e00000| Untracked 
| 107|0x0000000088f00000, 0x0000000088f00000, 0x0000000089000000|  0%| F|  |TAMS 0x0000000088f00000, 0x0000000088f00000| Untracked 
| 108|0x0000000089000000, 0x0000000089000000, 0x0000000089100000|  0%| F|  |TAMS 0x0000000089000000, 0x0000000089000000| Untracked 
| 109|0x0000000089100000, 0x0000000089100000, 0x0000000089200000|  0%| F|  |TAMS 0x0000000089100000, 0x0000000089100000| Untracked 
| 110|0x0000000089200000, 0x0000000089200000, 0x0000000089300000|  0%| F|  |TAMS 0x0000000089200000, 0x0000000089200000| Untracked 
| 111|0x0000000089300000, 0x0000000089300000, 0x0000000089400000|  0%| F|  |TAMS 0x0000000089300000, 0x0000000089300000| Untracked 
| 112|0x0000000089400000, 0x0000000089400000, 0x0000000089500000|  0%| F|  |TAMS 0x0000000089400000, 0x0000000089400000| Untracked 
| 113|0x0000000089500000, 0x0000000089500000, 0x0000000089600000|  0%| F|  |TAMS 0x0000000089500000, 0x0000000089500000| Untracked 
| 114|0x0000000089600000, 0x0000000089600000, 0x0000000089700000|  0%| F|  |TAMS 0x0000000089600000, 0x0000000089600000| Untracked 
| 115|0x0000000089700000, 0x0000000089700000, 0x0000000089800000|  0%| F|  |TAMS 0x0000000089700000, 0x0000000089700000| Untracked 
| 116|0x0000000089800000, 0x0000000089800000, 0x0000000089900000|  0%| F|  |TAMS 0x0000000089800000, 0x0000000089800000| Untracked 
| 117|0x0000000089900000, 0x0000000089900000, 0x0000000089a00000|  0%| F|  |TAMS 0x0000000089900000, 0x0000000089900000| Untracked 
| 118|0x0000000089a00000, 0x0000000089a00000, 0x0000000089b00000|  0%| F|  |TAMS 0x0000000089a00000, 0x0000000089a00000| Untracked 
| 119|0x0000000089b00000, 0x0000000089b00000, 0x0000000089c00000|  0%| F|  |TAMS 0x0000000089b00000, 0x0000000089b00000| Untracked 
| 120|0x0000000089c00000, 0x0000000089c00000, 0x0000000089d00000|  0%| F|  |TAMS 0x0000000089c00000, 0x0000000089c00000| Untracked 
| 121|0x0000000089d00000, 0x0000000089d00000, 0x0000000089e00000|  0%| F|  |TAMS 0x0000000089d00000, 0x0000000089d00000| Untracked 
| 122|0x0000000089e00000, 0x0000000089e00000, 0x0000000089f00000|  0%| F|  |TAMS 0x0000000089e00000, 0x0000000089e00000| Untracked 
| 123|0x0000000089f00000, 0x0000000089f00000, 0x000000008a000000|  0%| F|  |TAMS 0x0000000089f00000, 0x0000000089f00000| Untracked 
| 124|0x000000008a000000, 0x000000008a000000, 0x000000008a100000|  0%| F|  |TAMS 0x000000008a000000, 0x000000008a000000| Untracked 
| 125|0x000000008a100000, 0x000000008a100000, 0x000000008a200000|  0%| F|  |TAMS 0x000000008a100000, 0x000000008a100000| Untracked 
| 126|0x000000008a200000, 0x000000008a200000, 0x000000008a300000|  0%| F|  |TAMS 0x000000008a200000, 0x000000008a200000| Untracked 
| 127|0x000000008a300000, 0x000000008a300000, 0x000000008a400000|  0%| F|  |TAMS 0x000000008a300000, 0x000000008a300000| Untracked 
| 128|0x000000008a400000, 0x000000008a400000, 0x000000008a500000|  0%| F|  |TAMS 0x000000008a400000, 0x000000008a400000| Untracked 
| 129|0x000000008a500000, 0x000000008a500000, 0x000000008a600000|  0%| F|  |TAMS 0x000000008a500000, 0x000000008a500000| Untracked 
| 130|0x000000008a600000, 0x000000008a600000, 0x000000008a700000|  0%| F|  |TAMS 0x000000008a600000, 0x000000008a600000| Untracked 
| 131|0x000000008a700000, 0x000000008a700000, 0x000000008a800000|  0%| F|  |TAMS 0x000000008a700000, 0x000000008a700000| Untracked 
| 132|0x000000008a800000, 0x000000008a800000, 0x000000008a900000|  0%| F|  |TAMS 0x000000008a800000, 0x000000008a800000| Untracked 
| 133|0x000000008a900000, 0x000000008a900000, 0x000000008aa00000|  0%| F|  |TAMS 0x000000008a900000, 0x000000008a900000| Untracked 
| 134|0x000000008aa00000, 0x000000008aa00000, 0x000000008ab00000|  0%| F|  |TAMS 0x000000008aa00000, 0x000000008aa00000| Untracked 
| 135|0x000000008ab00000, 0x000000008ab00000, 0x000000008ac00000|  0%| F|  |TAMS 0x000000008ab00000, 0x000000008ab00000| Untracked 
| 136|0x000000008ac00000, 0x000000008ac00000, 0x000000008ad00000|  0%| F|  |TAMS 0x000000008ac00000, 0x000000008ac00000| Untracked 
| 137|0x000000008ad00000, 0x000000008ad00000, 0x000000008ae00000|  0%| F|  |TAMS 0x000000008ad00000, 0x000000008ad00000| Untracked 
| 138|0x000000008ae00000, 0x000000008ae00000, 0x000000008af00000|  0%| F|  |TAMS 0x000000008ae00000, 0x000000008ae00000| Untracked 
| 139|0x000000008af00000, 0x000000008af00000, 0x000000008b000000|  0%| F|  |TAMS 0x000000008af00000, 0x000000008af00000| Untracked 
| 140|0x000000008b000000, 0x000000008b000000, 0x000000008b100000|  0%| F|  |TAMS 0x000000008b000000, 0x000000008b000000| Untracked 
| 141|0x000000008b100000, 0x000000008b100000, 0x000000008b200000|  0%| F|  |TAMS 0x000000008b100000, 0x000000008b100000| Untracked 
| 142|0x000000008b200000, 0x000000008b200000, 0x000000008b300000|  0%| F|  |TAMS 0x000000008b200000, 0x000000008b200000| Untracked 
| 143|0x000000008b300000, 0x000000008b300000, 0x000000008b400000|  0%| F|  |TAMS 0x000000008b300000, 0x000000008b300000| Untracked 
| 144|0x000000008b400000, 0x000000008b400000, 0x000000008b500000|  0%| F|  |TAMS 0x000000008b400000, 0x000000008b400000| Untracked 
| 145|0x000000008b500000, 0x000000008b500000, 0x000000008b600000|  0%| F|  |TAMS 0x000000008b500000, 0x000000008b500000| Untracked 
| 146|0x000000008b600000, 0x000000008b600000, 0x000000008b700000|  0%| F|  |TAMS 0x000000008b600000, 0x000000008b600000| Untracked 
| 147|0x000000008b700000, 0x000000008b700000, 0x000000008b800000|  0%| F|  |TAMS 0x000000008b700000, 0x000000008b700000| Untracked 
| 148|0x000000008b800000, 0x000000008b800000, 0x000000008b900000|  0%| F|  |TAMS 0x000000008b800000, 0x000000008b800000| Untracked 
| 149|0x000000008b900000, 0x000000008b900000, 0x000000008ba00000|  0%| F|  |TAMS 0x000000008b900000, 0x000000008b900000| Untracked 
| 150|0x000000008ba00000, 0x000000008ba00000, 0x000000008bb00000|  0%| F|  |TAMS 0x000000008ba00000, 0x000000008ba00000| Untracked 
| 151|0x000000008bb00000, 0x000000008bb00000, 0x000000008bc00000|  0%| F|  |TAMS 0x000000008bb00000, 0x000000008bb00000| Untracked 
| 152|0x000000008bc00000, 0x000000008bc00000, 0x000000008bd00000|  0%| F|  |TAMS 0x000000008bc00000, 0x000000008bc00000| Untracked 
| 153|0x000000008bd00000, 0x000000008bd00000, 0x000000008be00000|  0%| F|  |TAMS 0x000000008bd00000, 0x000000008bd00000| Untracked 
| 154|0x000000008be00000, 0x000000008be00000, 0x000000008bf00000|  0%| F|  |TAMS 0x000000008be00000, 0x000000008be00000| Untracked 
| 155|0x000000008bf00000, 0x000000008bf00000, 0x000000008c000000|  0%| F|  |TAMS 0x000000008bf00000, 0x000000008bf00000| Untracked 
| 156|0x000000008c000000, 0x000000008c000000, 0x000000008c100000|  0%| F|  |TAMS 0x000000008c000000, 0x000000008c000000| Untracked 
| 157|0x000000008c100000, 0x000000008c100000, 0x000000008c200000|  0%| F|  |TAMS 0x000000008c100000, 0x000000008c100000| Untracked 
| 158|0x000000008c200000, 0x000000008c200000, 0x000000008c300000|  0%| F|  |TAMS 0x000000008c200000, 0x000000008c200000| Untracked 
| 159|0x000000008c300000, 0x000000008c300000, 0x000000008c400000|  0%| F|  |TAMS 0x000000008c300000, 0x000000008c300000| Untracked 
| 160|0x000000008c400000, 0x000000008c400000, 0x000000008c500000|  0%| F|  |TAMS 0x000000008c400000, 0x000000008c400000| Untracked 
| 161|0x000000008c500000, 0x000000008c500000, 0x000000008c600000|  0%| F|  |TAMS 0x000000008c500000, 0x000000008c500000| Untracked 
| 162|0x000000008c600000, 0x000000008c600000, 0x000000008c700000|  0%| F|  |TAMS 0x000000008c600000, 0x000000008c600000| Untracked 
| 163|0x000000008c700000, 0x000000008c700000, 0x000000008c800000|  0%| F|  |TAMS 0x000000008c700000, 0x000000008c700000| Untracked 
| 164|0x000000008c800000, 0x000000008c800000, 0x000000008c900000|  0%| F|  |TAMS 0x000000008c800000, 0x000000008c800000| Untracked 
| 165|0x000000008c900000, 0x000000008c900000, 0x000000008ca00000|  0%| F|  |TAMS 0x000000008c900000, 0x000000008c900000| Untracked 
| 166|0x000000008ca00000, 0x000000008ca00000, 0x000000008cb00000|  0%| F|  |TAMS 0x000000008ca00000, 0x000000008ca00000| Untracked 
| 167|0x000000008cb00000, 0x000000008cb00000, 0x000000008cc00000|  0%| F|  |TAMS 0x000000008cb00000, 0x000000008cb00000| Untracked 
| 168|0x000000008cc00000, 0x000000008cc00000, 0x000000008cd00000|  0%| F|  |TAMS 0x000000008cc00000, 0x000000008cc00000| Untracked 
| 169|0x000000008cd00000, 0x000000008cd00000, 0x000000008ce00000|  0%| F|  |TAMS 0x000000008cd00000, 0x000000008cd00000| Untracked 
| 170|0x000000008ce00000, 0x000000008ce00000, 0x000000008cf00000|  0%| F|  |TAMS 0x000000008ce00000, 0x000000008ce00000| Untracked 
| 171|0x000000008cf00000, 0x000000008cf00000, 0x000000008d000000|  0%| F|  |TAMS 0x000000008cf00000, 0x000000008cf00000| Untracked 
| 172|0x000000008d000000, 0x000000008d000000, 0x000000008d100000|  0%| F|  |TAMS 0x000000008d000000, 0x000000008d000000| Untracked 
| 173|0x000000008d100000, 0x000000008d100000, 0x000000008d200000|  0%| F|  |TAMS 0x000000008d100000, 0x000000008d100000| Untracked 
| 174|0x000000008d200000, 0x000000008d200000, 0x000000008d300000|  0%| F|  |TAMS 0x000000008d200000, 0x000000008d200000| Untracked 
| 175|0x000000008d300000, 0x000000008d300000, 0x000000008d400000|  0%| F|  |TAMS 0x000000008d300000, 0x000000008d300000| Untracked 
| 176|0x000000008d400000, 0x000000008d400000, 0x000000008d500000|  0%| F|  |TAMS 0x000000008d400000, 0x000000008d400000| Untracked 
| 177|0x000000008d500000, 0x000000008d500000, 0x000000008d600000|  0%| F|  |TAMS 0x000000008d500000, 0x000000008d500000| Untracked 
| 178|0x000000008d600000, 0x000000008d600000, 0x000000008d700000|  0%| F|  |TAMS 0x000000008d600000, 0x000000008d600000| Untracked 
| 179|0x000000008d700000, 0x000000008d700000, 0x000000008d800000|  0%| F|  |TAMS 0x000000008d700000, 0x000000008d700000| Untracked 
| 180|0x000000008d800000, 0x000000008d800000, 0x000000008d900000|  0%| F|  |TAMS 0x000000008d800000, 0x000000008d800000| Untracked 
| 181|0x000000008d900000, 0x000000008d900000, 0x000000008da00000|  0%| F|  |TAMS 0x000000008d900000, 0x000000008d900000| Untracked 
| 182|0x000000008da00000, 0x000000008da00000, 0x000000008db00000|  0%| F|  |TAMS 0x000000008da00000, 0x000000008da00000| Untracked 
| 183|0x000000008db00000, 0x000000008db00000, 0x000000008dc00000|  0%| F|  |TAMS 0x000000008db00000, 0x000000008db00000| Untracked 
| 184|0x000000008dc00000, 0x000000008dc00000, 0x000000008dd00000|  0%| F|  |TAMS 0x000000008dc00000, 0x000000008dc00000| Untracked 
| 185|0x000000008dd00000, 0x000000008dd00000, 0x000000008de00000|  0%| F|  |TAMS 0x000000008dd00000, 0x000000008dd00000| Untracked 
| 186|0x000000008de00000, 0x000000008de00000, 0x000000008df00000|  0%| F|  |TAMS 0x000000008de00000, 0x000000008de00000| Untracked 
| 187|0x000000008df00000, 0x000000008df00000, 0x000000008e000000|  0%| F|  |TAMS 0x000000008df00000, 0x000000008df00000| Untracked 
| 188|0x000000008e000000, 0x000000008e000000, 0x000000008e100000|  0%| F|  |TAMS 0x000000008e000000, 0x000000008e000000| Untracked 
| 189|0x000000008e100000, 0x000000008e100000, 0x000000008e200000|  0%| F|  |TAMS 0x000000008e100000, 0x000000008e100000| Untracked 
| 190|0x000000008e200000, 0x000000008e200000, 0x000000008e300000|  0%| F|  |TAMS 0x000000008e200000, 0x000000008e200000| Untracked 
| 191|0x000000008e300000, 0x000000008e300000, 0x000000008e400000|  0%| F|  |TAMS 0x000000008e300000, 0x000000008e300000| Untracked 
| 192|0x000000008e400000, 0x000000008e400000, 0x000000008e500000|  0%| F|  |TAMS 0x000000008e400000, 0x000000008e400000| Untracked 
| 193|0x000000008e500000, 0x000000008e500000, 0x000000008e600000|  0%| F|  |TAMS 0x000000008e500000, 0x000000008e500000| Untracked 
| 194|0x000000008e600000, 0x000000008e600000, 0x000000008e700000|  0%| F|  |TAMS 0x000000008e600000, 0x000000008e600000| Untracked 
| 195|0x000000008e700000, 0x000000008e700000, 0x000000008e800000|  0%| F|  |TAMS 0x000000008e700000, 0x000000008e700000| Untracked 
| 196|0x000000008e800000, 0x000000008e800000, 0x000000008e900000|  0%| F|  |TAMS 0x000000008e800000, 0x000000008e800000| Untracked 
| 197|0x000000008e900000, 0x000000008e900000, 0x000000008ea00000|  0%| F|  |TAMS 0x000000008e900000, 0x000000008e900000| Untracked 
| 198|0x000000008ea00000, 0x000000008ea00000, 0x000000008eb00000|  0%| F|  |TAMS 0x000000008ea00000, 0x000000008ea00000| Untracked 
| 199|0x000000008eb00000, 0x000000008eb00000, 0x000000008ec00000|  0%| F|  |TAMS 0x000000008eb00000, 0x000000008eb00000| Untracked 
| 200|0x000000008ec00000, 0x000000008ec00000, 0x000000008ed00000|  0%| F|  |TAMS 0x000000008ec00000, 0x000000008ec00000| Untracked 
| 201|0x000000008ed00000, 0x000000008ed00000, 0x000000008ee00000|  0%| F|  |TAMS 0x000000008ed00000, 0x000000008ed00000| Untracked 
| 202|0x000000008ee00000, 0x000000008ee00000, 0x000000008ef00000|  0%| F|  |TAMS 0x000000008ee00000, 0x000000008ee00000| Untracked 
| 203|0x000000008ef00000, 0x000000008ef00000, 0x000000008f000000|  0%| F|  |TAMS 0x000000008ef00000, 0x000000008ef00000| Untracked 
| 204|0x000000008f000000, 0x000000008f000000, 0x000000008f100000|  0%| F|  |TAMS 0x000000008f000000, 0x000000008f000000| Untracked 
| 205|0x000000008f100000, 0x000000008f100000, 0x000000008f200000|  0%| F|  |TAMS 0x000000008f100000, 0x000000008f100000| Untracked 
| 206|0x000000008f200000, 0x000000008f200000, 0x000000008f300000|  0%| F|  |TAMS 0x000000008f200000, 0x000000008f200000| Untracked 
| 207|0x000000008f300000, 0x000000008f300000, 0x000000008f400000|  0%| F|  |TAMS 0x000000008f300000, 0x000000008f300000| Untracked 
| 208|0x000000008f400000, 0x000000008f400000, 0x000000008f500000|  0%| F|  |TAMS 0x000000008f400000, 0x000000008f400000| Untracked 
| 209|0x000000008f500000, 0x000000008f500000, 0x000000008f600000|  0%| F|  |TAMS 0x000000008f500000, 0x000000008f500000| Untracked 
| 210|0x000000008f600000, 0x000000008f600000, 0x000000008f700000|  0%| F|  |TAMS 0x000000008f600000, 0x000000008f600000| Untracked 
| 211|0x000000008f700000, 0x000000008f700000, 0x000000008f800000|  0%| F|  |TAMS 0x000000008f700000, 0x000000008f700000| Untracked 
| 212|0x000000008f800000, 0x000000008f800000, 0x000000008f900000|  0%| F|  |TAMS 0x000000008f800000, 0x000000008f800000| Untracked 
| 213|0x000000008f900000, 0x000000008f900000, 0x000000008fa00000|  0%| F|  |TAMS 0x000000008f900000, 0x000000008f900000| Untracked 
| 214|0x000000008fa00000, 0x000000008fa00000, 0x000000008fb00000|  0%| F|  |TAMS 0x000000008fa00000, 0x000000008fa00000| Untracked 
| 215|0x000000008fb00000, 0x000000008fb00000, 0x000000008fc00000|  0%| F|  |TAMS 0x000000008fb00000, 0x000000008fb00000| Untracked 
| 216|0x000000008fc00000, 0x000000008fc00000, 0x000000008fd00000|  0%| F|  |TAMS 0x000000008fc00000, 0x000000008fc00000| Untracked 
| 217|0x000000008fd00000, 0x000000008fd00000, 0x000000008fe00000|  0%| F|  |TAMS 0x000000008fd00000, 0x000000008fd00000| Untracked 
| 218|0x000000008fe00000, 0x000000008fe00000, 0x000000008ff00000|  0%| F|  |TAMS 0x000000008fe00000, 0x000000008fe00000| Untracked 
| 219|0x000000008ff00000, 0x000000008ff00000, 0x0000000090000000|  0%| F|  |TAMS 0x000000008ff00000, 0x000000008ff00000| Untracked 
| 220|0x0000000090000000, 0x0000000090000000, 0x0000000090100000|  0%| F|  |TAMS 0x0000000090000000, 0x0000000090000000| Untracked 
| 221|0x0000000090100000, 0x0000000090100000, 0x0000000090200000|  0%| F|  |TAMS 0x0000000090100000, 0x0000000090100000| Untracked 
| 222|0x0000000090200000, 0x0000000090200000, 0x0000000090300000|  0%| F|  |TAMS 0x0000000090200000, 0x0000000090200000| Untracked 
| 223|0x0000000090300000, 0x0000000090300000, 0x0000000090400000|  0%| F|  |TAMS 0x0000000090300000, 0x0000000090300000| Untracked 
| 224|0x0000000090400000, 0x0000000090400000, 0x0000000090500000|  0%| F|  |TAMS 0x0000000090400000, 0x0000000090400000| Untracked 
| 225|0x0000000090500000, 0x0000000090500000, 0x0000000090600000|  0%| F|  |TAMS 0x0000000090500000, 0x0000000090500000| Untracked 
| 226|0x0000000090600000, 0x0000000090600000, 0x0000000090700000|  0%| F|  |TAMS 0x0000000090600000, 0x0000000090600000| Untracked 
| 227|0x0000000090700000, 0x0000000090700000, 0x0000000090800000|  0%| F|  |TAMS 0x0000000090700000, 0x0000000090700000| Untracked 
| 228|0x0000000090800000, 0x0000000090900000, 0x0000000090900000|100%| S|CS|TAMS 0x0000000090800000, 0x0000000090800000| Complete 
| 229|0x0000000090900000, 0x0000000090a00000, 0x0000000090a00000|100%| S|CS|TAMS 0x0000000090900000, 0x0000000090900000| Complete 
| 230|0x0000000090a00000, 0x0000000090a00000, 0x0000000090b00000|  0%| F|  |TAMS 0x0000000090a00000, 0x0000000090a00000| Untracked 
| 231|0x0000000090b00000, 0x0000000090b00000, 0x0000000090c00000|  0%| F|  |TAMS 0x0000000090b00000, 0x0000000090b00000| Untracked 
| 232|0x0000000090c00000, 0x0000000090c4ac28, 0x0000000090d00000| 29%| E|  |TAMS 0x0000000090c00000, 0x0000000090c00000| Complete 
| 233|0x0000000090d00000, 0x0000000090e00000, 0x0000000090e00000|100%| E|CS|TAMS 0x0000000090d00000, 0x0000000090d00000| Complete 
| 234|0x0000000090e00000, 0x0000000090f00000, 0x0000000090f00000|100%| E|CS|TAMS 0x0000000090e00000, 0x0000000090e00000| Complete 
| 235|0x0000000090f00000, 0x0000000091000000, 0x0000000091000000|100%| E|  |TAMS 0x0000000090f00000, 0x0000000090f00000| Complete 
| 236|0x0000000091000000, 0x0000000091100000, 0x0000000091100000|100%| E|CS|TAMS 0x0000000091000000, 0x0000000091000000| Complete 
| 237|0x0000000091100000, 0x0000000091200000, 0x0000000091200000|100%| E|CS|TAMS 0x0000000091100000, 0x0000000091100000| Complete 
| 238|0x0000000091200000, 0x0000000091300000, 0x0000000091300000|100%| E|CS|TAMS 0x0000000091200000, 0x0000000091200000| Complete 
| 239|0x0000000091300000, 0x0000000091400000, 0x0000000091400000|100%| E|CS|TAMS 0x0000000091300000, 0x0000000091300000| Complete 

Card table byte_map: [0x000001cac9eb0000,0x000001caca2a0000] _byte_map_base: 0x000001cac9a9e000

Marking Bits (Prev, Next): (CMBitMap*) 0x000001cab6cbc528, (CMBitMap*) 0x000001cab6cbc560
 Prev Bits: [0x000001caca690000, 0x000001cacc600000)
 Next Bits: [0x000001cacc600000, 0x000001cace570000)

Polling page: 0x000001cab6460000

Metaspace:

Usage:
  Non-class:     35.53 MB capacity,    35.20 MB (>99%) used,   276.15 KB ( <1%) free+waste,    60.19 KB ( <1%) overhead. 
      Class:      5.03 MB capacity,     4.78 MB ( 95%) used,   229.49 KB (  4%) free+waste,    27.25 KB ( <1%) overhead. 
       Both:     40.56 MB capacity,    39.98 MB ( 99%) used,   505.64 KB (  1%) free+waste,    87.44 KB ( <1%) overhead. 

Virtual space:
  Non-class space:       36.00 MB reserved,      35.58 MB ( 99%) committed 
      Class space:        1.00 GB reserved,       5.13 MB ( <1%) committed 
             Both:        1.04 GB reserved,      40.70 MB (  4%) committed 

Chunk freelists:
   Non-Class:  51.00 KB
       Class:  4.00 KB
        Both:  55.00 KB

MaxMetaspaceSize: 17179869184.00 GB
CompressedClassSpaceSize: 1.00 GB
Initial GC threshold: 20.80 MB
Current GC threshold: 58.88 MB
CDS: off

CodeHeap 'non-profiled nmethods': size=120000Kb used=1117Kb max_used=1117Kb free=118882Kb
 bounds [0x000001cac2260000, 0x000001cac24d0000, 0x000001cac9790000]
CodeHeap 'profiled nmethods': size=120000Kb used=5518Kb max_used=5518Kb free=114481Kb
 bounds [0x000001cabad30000, 0x000001cabb2a0000, 0x000001cac2260000]
CodeHeap 'non-nmethods': size=5760Kb used=1258Kb max_used=1281Kb free=4501Kb
 bounds [0x000001caba790000, 0x000001cabaa00000, 0x000001cabad30000]
 total_blobs=3415 nmethods=2884 adapters=443
 compilation: enabled
              stopped_count=0, restarted_count=0
 full_count=0

Compilation events (20 events):
Event: 9.687 Thread 0x000001cad0fda800 2828       3       org.jetbrains.kotlin.container.CacheKt$getRegistrations$superClasses$1::invoke (9 bytes)
Event: 9.687 Thread 0x000001cad0fda800 nmethod 2828 0x000001cabb250d10 code [0x000001cabb250ee0, 0x000001cabb251108]
Event: 9.688 Thread 0x000001cad0fda800 2829       3       org.jetbrains.kotlin.container.CacheKt$getRegistrations$superClasses$1::invoke (78 bytes)
Event: 9.691 Thread 0x000001cad0fda800 nmethod 2829 0x000001cabb251210 code [0x000001cabb251620, 0x000001cabb2534c8]
Event: 9.691 Thread 0x000001cad0fda800 2831       3       java.lang.reflect.Constructor::<init> (50 bytes)
Event: 9.692 Thread 0x000001cad0fda800 nmethod 2831 0x000001cabb253c90 code [0x000001cabb253e60, 0x000001cabb2542d8]
Event: 9.692 Thread 0x000001cad0fda800 2826       3       org.jetbrains.kotlin.com.intellij.util.containers.MultiMap$$Lambda$150/0x00000001003bac40::get$Lambda (9 bytes)
Event: 9.692 Thread 0x000001cad0fda800 nmethod 2826 0x000001cabb254410 code [0x000001cabb2545e0, 0x000001cabb254838]
Event: 9.692 Thread 0x000001cad0fda800 2832       1       org.jetbrains.kotlin.com.intellij.util.containers.ConcurrentWeakKeySoftValueHashMap$HardKey::hashCode (5 bytes)
Event: 9.692 Thread 0x000001cad0fda800 nmethod 2832 0x000001cac2374110 code [0x000001cac23742c0, 0x000001cac2374378]
Event: 9.692 Thread 0x000001cad0fda800 2833       3       java.lang.reflect.Constructor::copy (72 bytes)
Event: 9.693 Thread 0x000001cad0fda800 nmethod 2833 0x000001cabb254910 code [0x000001cabb254ae0, 0x000001cabb254e78]
Event: 9.693 Thread 0x000001cad0fda800 2834       3       org.jetbrains.kotlin.com.intellij.util.containers.CanonicalHashingStrategy::hashCode (5 bytes)
Event: 9.693 Thread 0x000001cad0fda800 nmethod 2834 0x000001cabb254f90 code [0x000001cabb255160, 0x000001cabb2553e8]
Event: 9.693 Thread 0x000001cad0fda800 2835       1       org.jetbrains.kotlin.com.intellij.util.containers.ConcurrentWeakKeySoftValueHashMap$WeakKey::hashCode (5 bytes)
Event: 9.694 Thread 0x000001cad0fda800 nmethod 2835 0x000001cac2374410 code [0x000001cac23745c0, 0x000001cac2374678]
Event: 9.694 Thread 0x000001cad0fda800 2836       1       org.jetbrains.kotlin.container.ClassInfo::getRegistrations (5 bytes)
Event: 9.694 Thread 0x000001cad0fda800 nmethod 2836 0x000001cac2374710 code [0x000001cac23748c0, 0x000001cac2374978]
Event: 9.695 Thread 0x000001cad0fda800 2837       3       java.lang.PublicMethods$Key::equals (52 bytes)
Event: 9.696 Thread 0x000001cad0fda800 nmethod 2837 0x000001cabb255510 code [0x000001cabb2556e0, 0x000001cabb255b28]

GC Heap History (14 events):
Event: 1.321 GC heap before
{Heap before GC invocations=0 (full 0):
 garbage-first heap   total 129024K, used 27648K [0x0000000082400000, 0x0000000100000000)
  region size 1024K, 24 young (24576K), 0 survivors (0K)
 Metaspace       used 12357K, capacity 12504K, committed 12800K, reserved 1060864K
  class space    used 1165K, capacity 1207K, committed 1280K, reserved 1048576K
}
Event: 1.329 GC heap after
{Heap after GC invocations=1 (full 0):
 garbage-first heap   total 129024K, used 5835K [0x0000000082400000, 0x0000000100000000)
  region size 1024K, 3 young (3072K), 3 survivors (3072K)
 Metaspace       used 12357K, capacity 12504K, committed 12800K, reserved 1060864K
  class space    used 1165K, capacity 1207K, committed 1280K, reserved 1048576K
}
Event: 2.606 GC heap before
{Heap before GC invocations=1 (full 0):
 garbage-first heap   total 129024K, used 41675K [0x0000000082400000, 0x0000000100000000)
  region size 1024K, 39 young (39936K), 3 survivors (3072K)
 Metaspace       used 20854K, capacity 21107K, committed 21296K, reserved 1069056K
  class space    used 2220K, capacity 2315K, committed 2432K, reserved 1048576K
}
Event: 2.618 GC heap after
{Heap after GC invocations=2 (full 0):
 garbage-first heap   total 129024K, used 9431K [0x0000000082400000, 0x0000000100000000)
  region size 1024K, 7 young (7168K), 7 survivors (7168K)
 Metaspace       used 20854K, capacity 21107K, committed 21296K, reserved 1069056K
  class space    used 2220K, capacity 2315K, committed 2432K, reserved 1048576K
}
Event: 5.682 GC heap before
{Heap before GC invocations=3 (full 0):
 garbage-first heap   total 129024K, used 78039K [0x0000000082400000, 0x0000000100000000)
  region size 1024K, 55 young (56320K), 7 survivors (7168K)
 Metaspace       used 30927K, capacity 31469K, committed 31536K, reserved 1077248K
  class space    used 3690K, capacity 3914K, committed 3968K, reserved 1048576K
}
Event: 6.069 GC heap after
{Heap after GC invocations=4 (full 0):
 garbage-first heap   total 129024K, used 23550K [0x0000000082400000, 0x0000000100000000)
  region size 1024K, 7 young (7168K), 7 survivors (7168K)
 Metaspace       used 30927K, capacity 31469K, committed 31536K, reserved 1077248K
  class space    used 3690K, capacity 3914K, committed 3968K, reserved 1048576K
}
Event: 6.399 GC heap before
{Heap before GC invocations=4 (full 0):
 garbage-first heap   total 129024K, used 47102K [0x0000000082400000, 0x0000000100000000)
  region size 1024K, 29 young (29696K), 7 survivors (7168K)
 Metaspace       used 31062K, capacity 31606K, committed 31792K, reserved 1077248K
  class space    used 3695K, capacity 3916K, committed 3968K, reserved 1048576K
}
Event: 6.444 GC heap after
{Heap after GC invocations=5 (full 0):
 garbage-first heap   total 129024K, used 25600K [0x0000000082400000, 0x0000000100000000)
  region size 1024K, 4 young (4096K), 4 survivors (4096K)
 Metaspace       used 31062K, capacity 31606K, committed 31792K, reserved 1077248K
  class space    used 3695K, capacity 3916K, committed 3968K, reserved 1048576K
}
Event: 7.671 GC heap before
{Heap before GC invocations=5 (full 0):
 garbage-first heap   total 129024K, used 55296K [0x0000000082400000, 0x0000000100000000)
  region size 1024K, 34 young (34816K), 4 survivors (4096K)
 Metaspace       used 35260K, capacity 35789K, committed 35920K, reserved 1081344K
  class space    used 4358K, capacity 4561K, committed 4608K, reserved 1048576K
}
Event: 8.786 GC heap after
{Heap after GC invocations=6 (full 0):
 garbage-first heap   total 245760K, used 28169K [0x0000000082400000, 0x0000000100000000)
  region size 1024K, 4 young (4096K), 4 survivors (4096K)
 Metaspace       used 35260K, capacity 35789K, committed 35920K, reserved 1081344K
  class space    used 4358K, capacity 4561K, committed 4608K, reserved 1048576K
}
Event: 9.165 GC heap before
{Heap before GC invocations=7 (full 0):
 garbage-first heap   total 245760K, used 46601K [0x0000000082400000, 0x0000000100000000)
  region size 1024K, 12 young (12288K), 4 survivors (4096K)
 Metaspace       used 36078K, capacity 36664K, committed 36816K, reserved 1081344K
  class space    used 4444K, capacity 4661K, committed 4736K, reserved 1048576K
}
Event: 9.175 GC heap after
{Heap after GC invocations=8 (full 0):
 garbage-first heap   total 245760K, used 36550K [0x0000000082400000, 0x0000000100000000)
  region size 1024K, 2 young (2048K), 2 survivors (2048K)
 Metaspace       used 36078K, capacity 36664K, committed 36816K, reserved 1081344K
  class space    used 4444K, capacity 4661K, committed 4736K, reserved 1048576K
}
Event: 9.633 GC heap before
{Heap before GC invocations=8 (full 0):
 garbage-first heap   total 245760K, used 46790K [0x0000000082400000, 0x0000000100000000)
  region size 1024K, 12 young (12288K), 2 survivors (2048K)
 Metaspace       used 37634K, capacity 38257K, committed 38480K, reserved 1083392K
  class space    used 4614K, capacity 4827K, committed 4864K, reserved 1048576K
}
Event: 9.638 GC heap after
{Heap after GC invocations=9 (full 0):
 garbage-first heap   total 245760K, used 32493K [0x0000000082400000, 0x0000000100000000)
  region size 1024K, 2 young (2048K), 2 survivors (2048K)
 Metaspace       used 37634K, capacity 38257K, committed 38480K, reserved 1083392K
  class space    used 4614K, capacity 4827K, committed 4864K, reserved 1048576K
}

Deoptimization events (20 events):
Event: 8.997 Thread 0x000001cab6c82000 DEOPT PACKING pc=0x000001cac234c114 sp=0x000000a4f97fe270
Event: 8.997 Thread 0x000001cab6c82000 DEOPT UNPACKING pc=0x000001caba7da1af sp=0x000000a4f97fe208 mode 2
Event: 9.000 Thread 0x000001cab6c82000 Uncommon trap: trap_request=0xffffffde fr.pc=0x000001cac235b6ac relative=0x00000000000004ac
Event: 9.000 Thread 0x000001cab6c82000 Uncommon trap: reason=class_check action=maybe_recompile pc=0x000001cac235b6ac method=org.jetbrains.kotlin.protobuf.CodedInputStream.tryRefillBuffer(I)Z @ 177 c2
Event: 9.000 Thread 0x000001cab6c82000 DEOPT PACKING pc=0x000001cac235b6ac sp=0x000000a4f97fdf00
Event: 9.000 Thread 0x000001cab6c82000 DEOPT UNPACKING pc=0x000001caba7da1af sp=0x000000a4f97fdde8 mode 2
Event: 9.001 Thread 0x000001cab6c82000 Uncommon trap: trap_request=0xffffffde fr.pc=0x000001cac235b6ac relative=0x00000000000004ac
Event: 9.001 Thread 0x000001cab6c82000 Uncommon trap: reason=class_check action=maybe_recompile pc=0x000001cac235b6ac method=org.jetbrains.kotlin.protobuf.CodedInputStream.tryRefillBuffer(I)Z @ 177 c2
Event: 9.001 Thread 0x000001cab6c82000 DEOPT PACKING pc=0x000001cac235b6ac sp=0x000000a4f97fdf00
Event: 9.001 Thread 0x000001cab6c82000 DEOPT UNPACKING pc=0x000001caba7da1af sp=0x000000a4f97fdde8 mode 2
Event: 9.388 Thread 0x000001cab6c82000 DEOPT PACKING pc=0x000001cabb18d830 sp=0x000000a4f97fa620
Event: 9.388 Thread 0x000001cab6c82000 DEOPT UNPACKING pc=0x000001caba7da95e sp=0x000000a4f97f9b38 mode 0
Event: 9.498 Thread 0x000001cab6c82000 Uncommon trap: trap_request=0xffffff4d fr.pc=0x000001cac228bd6c relative=0x000000000000068c
Event: 9.498 Thread 0x000001cab6c82000 Uncommon trap: reason=unstable_if action=reinterpret pc=0x000001cac228bd6c method=java.util.concurrent.ConcurrentHashMap.get(Ljava/lang/Object;)Ljava/lang/Object; @ 76 c2
Event: 9.498 Thread 0x000001cab6c82000 DEOPT PACKING pc=0x000001cac228bd6c sp=0x000000a4f97fa520
Event: 9.498 Thread 0x000001cab6c82000 DEOPT UNPACKING pc=0x000001caba7da1af sp=0x000000a4f97fa4a8 mode 2
Event: 9.551 Thread 0x000001cab6c82000 Uncommon trap: trap_request=0xffffff4d fr.pc=0x000001cac234c6a0 relative=0x00000000000000e0
Event: 9.551 Thread 0x000001cab6c82000 Uncommon trap: reason=unstable_if action=reinterpret pc=0x000001cac234c6a0 method=org.jetbrains.kotlin.com.intellij.util.SmartList.get(I)Ljava/lang/Object; @ 13 c2
Event: 9.551 Thread 0x000001cab6c82000 DEOPT PACKING pc=0x000001cac234c6a0 sp=0x000000a4f97fcbc0
Event: 9.551 Thread 0x000001cab6c82000 DEOPT UNPACKING pc=0x000001caba7da1af sp=0x000000a4f97fcb60 mode 2

Classes redefined (0 events):
No events

Internal exceptions (20 events):
Event: 2.666 Thread 0x000001cab6c82000 Exception <a 'java/lang/NoSuchMethodError'{0x0000000089e2e0d0}: 'int java.lang.invoke.DirectMethodHandle$Holder.invokeStaticInit(java.lang.Object, java.lang.Object, java.lang.Object)'> (0x0000000089e2e0d0) thrown at [./src/hotspot/share/interpreter/linkResolver.cpp, line 773]
Event: 2.709 Thread 0x000001cab6c82000 Exception <a 'java/lang/NoSuchMethodError'{0x0000000089e598b0}: 'int java.lang.invoke.DirectMethodHandle$Holder.invokeStaticInit(java.lang.Object, java.lang.Object)'> (0x0000000089e598b0) thrown at [./src/hotspot/share/interpreter/linkResolver.cpp, line 773]
Event: 2.797 Thread 0x000001cab6c82000 Exception <a 'java/lang/NoSuchMethodError'{0x0000000089c6a0c8}: 'void java.lang.invoke.DirectMethodHandle$Holder.invokeSpecial(java.lang.Object, java.lang.Object)'> (0x0000000089c6a0c8) thrown at [./src/hotspot/share/interpreter/linkResolver.cpp, line 773]
Event: 3.002 Thread 0x000001cab6c82000 Exception <a 'java/lang/NoSuchMethodError'{0x000000008948cf00}: 'java.lang.Object java.lang.invoke.DirectMethodHandle$Holder.invokeStatic(java.lang.Object, java.lang.Object, java.lang.Object, java.lang.Object, java.lang.Object, java.lang.Object, java.lang.Object, java.lang.Object, java.lang.Object, java.lang.Object, java.lang.Object, java.lang.Object, java.lang.Object, java.lang.Object, java.lang.Object)'> (0x000000008948cf00) thrown at [./src/hotspot/share/interpreter/linkResolver.cpp, line 773]
Event: 3.003 Thread 0x000001cab6c82000 Exception <a 'java/lang/NoSuchMethodError'{0x000000008949af08}: 'java.lang.Object java.lang.invoke.DirectMethodHandle$Holder.invokeStatic(java.lang.Object, java.lang.Object, java.lang.Object, java.lang.Object, java.lang.Object, java.lang.Object, java.lang.Object, java.lang.Object, java.lang.Object, java.lang.Object, java.lang.Object, java.lang.Object, java.lang.Object, java.lang.Object, java.lang.Object, java.lang.Object)'> (0x000000008949af08) thrown at [./src/hotspot/share/interpreter/linkResolver.cpp, l
Event: 3.004 Thread 0x000001cab6c82000 Exception <a 'java/lang/NoSuchMethodError'{0x00000000894a8e20}: 'java.lang.Object java.lang.invoke.DirectMethodHandle$Holder.invokeSpecial(java.lang.Object, java.lang.Object, int, int, java.lang.Object, java.lang.Object, java.lang.Object)'> (0x00000000894a8e20) thrown at [./src/hotspot/share/interpreter/linkResolver.cpp, line 773]
Event: 3.004 Thread 0x000001cab6c82000 Exception <a 'java/lang/NoSuchMethodError'{0x00000000894ac658}: 'java.lang.Object java.lang.invoke.DelegatingMethodHandle$Holder.reinvoke_L(java.lang.Object, int, int, java.lang.Object, java.lang.Object, java.lang.Object)'> (0x00000000894ac658) thrown at [./src/hotspot/share/interpreter/linkResolver.cpp, line 773]
Event: 3.004 Thread 0x000001cab6c82000 Exception <a 'java/lang/NoSuchMethodError'{0x00000000894b09e0}: 'java.lang.Object java.lang.invoke.DirectMethodHandle$Holder.invokeStatic(java.lang.Object, java.lang.Object, java.lang.Object, java.lang.Object, int)'> (0x00000000894b09e0) thrown at [./src/hotspot/share/interpreter/linkResolver.cpp, line 773]
Event: 3.132 Thread 0x000001cab6c82000 Exception <a 'sun/nio/fs/WindowsException'{0x00000000893ef4d8}> (0x00000000893ef4d8) thrown at [./src/hotspot/share/prims/jni.cpp, line 615]
Event: 3.132 Thread 0x000001cab6c82000 Exception <a 'sun/nio/fs/WindowsException'{0x00000000893efd50}> (0x00000000893efd50) thrown at [./src/hotspot/share/prims/jni.cpp, line 615]
Event: 3.350 Thread 0x000001cab6c82000 Exception <a 'sun/nio/fs/WindowsException'{0x00000000893f05d8}> (0x00000000893f05d8) thrown at [./src/hotspot/share/prims/jni.cpp, line 615]
Event: 3.350 Thread 0x000001cab6c82000 Exception <a 'sun/nio/fs/WindowsException'{0x00000000893f0fd0}> (0x00000000893f0fd0) thrown at [./src/hotspot/share/prims/jni.cpp, line 615]
Event: 3.350 Thread 0x000001cab6c82000 Exception <a 'sun/nio/fs/WindowsException'{0x00000000893f18d8}> (0x00000000893f18d8) thrown at [./src/hotspot/share/prims/jni.cpp, line 615]
Event: 3.350 Thread 0x000001cab6c82000 Exception <a 'sun/nio/fs/WindowsException'{0x00000000893f2210}> (0x00000000893f2210) thrown at [./src/hotspot/share/prims/jni.cpp, line 615]
Event: 3.352 Thread 0x000001cab6c82000 Exception <a 'java/lang/NoSuchMethodError'{0x00000000893f8a20}: 'void java.lang.invoke.DirectMethodHandle$Holder.invokeStatic(java.lang.Object, java.lang.Object, java.lang.Object, java.lang.Object)'> (0x00000000893f8a20) thrown at [./src/hotspot/share/interpreter/linkResolver.cpp, line 773]
Event: 3.512 Thread 0x000001cab6c82000 Exception <a 'java/lang/NoSuchMethodError'{0x0000000088fd5828}: 'void java.lang.invoke.DirectMethodHandle$Holder.invokeStaticInit(java.lang.Object, java.lang.Object)'> (0x0000000088fd5828) thrown at [./src/hotspot/share/interpreter/linkResolver.cpp, line 773]
Event: 3.794 Thread 0x000001cab6c82000 Exception <a 'java/lang/NoSuchMethodError'{0x0000000088961300}: 'void java.lang.invoke.DirectMethodHandle$Holder.invokeVirtual(java.lang.Object, java.lang.Object)'> (0x0000000088961300) thrown at [./src/hotspot/share/interpreter/linkResolver.cpp, line 773]
Event: 5.129 Thread 0x000001cab6c82000 Exception <a 'java/lang/NoSuchMethodError'{0x00000000881a6ef0}: 'int java.lang.invoke.DirectMethodHandle$Holder.invokeVirtual(java.lang.Object, java.lang.Object)'> (0x00000000881a6ef0) thrown at [./src/hotspot/share/interpreter/linkResolver.cpp, line 773]
Event: 6.354 Thread 0x000001cab6c82000 Implicit null exception at 0x000001cac2331c05 to 0x000001cac2332768
Event: 8.938 Thread 0x000001cab6c82000 Exception <a 'java/lang/NoSuchMethodError'{0x0000000090f15480}: 'java.lang.Object java.lang.invoke.DirectMethodHandle$Holder.invokeVirtual(java.lang.Object, java.lang.Object, java.lang.Object)'> (0x0000000090f15480) thrown at [./src/hotspot/share/interpreter/linkResolver.cpp, line 773]

Events (20 events):
Event: 9.693 loading class sun/reflect/generics/scope/ConstructorScope
Event: 9.693 loading class sun/reflect/generics/scope/ConstructorScope done
Event: 9.693 loading class sun/reflect/generics/repository/ConstructorRepository
Event: 9.693 loading class sun/reflect/generics/repository/ConstructorRepository done
Event: 9.693 loading class sun/reflect/generics/tree/BottomSignature
Event: 9.693 loading class sun/reflect/generics/tree/BottomSignature done
Event: 9.693 loading class sun/reflect/generics/tree/Wildcard
Event: 9.693 loading class sun/reflect/generics/tree/Wildcard done
Event: 9.693 loading class sun/reflect/generics/tree/VoidDescriptor
Event: 9.694 loading class sun/reflect/generics/tree/VoidDescriptor done
Event: 9.694 loading class sun/reflect/generics/tree/MethodTypeSignature
Event: 9.694 loading class sun/reflect/generics/tree/MethodTypeSignature done
Event: 9.694 loading class sun/reflect/generics/reflectiveObjects/WildcardTypeImpl
Event: 9.694 loading class java/lang/reflect/WildcardType
Event: 9.694 loading class java/lang/reflect/WildcardType done
Event: 9.695 loading class sun/reflect/generics/reflectiveObjects/WildcardTypeImpl done
Event: 9.695 loading class java/util/function/IntFunction
Event: 9.695 loading class java/util/function/IntFunction done
Event: 9.697 loading class org/jetbrains/kotlin/analyzer/ModuleInfo$DependencyOnBuiltIns
Event: 9.697 loading class org/jetbrains/kotlin/analyzer/ModuleInfo$DependencyOnBuiltIns done


Dynamic libraries:
0x00007ff6366e0000 - 0x00007ff6366ea000 	C:\Program Files\Android\Android Studio\jre\bin\java.exe
0x00007ffba7a60000 - 0x00007ffba7c69000 	C:\WINDOWS\SYSTEM32\ntdll.dll
0x00007ffba62b0000 - 0x00007ffba636d000 	C:\WINDOWS\System32\KERNEL32.DLL
0x00007ffba5300000 - 0x00007ffba5674000 	C:\WINDOWS\System32\KERNELBASE.dll
0x00007ffba4f50000 - 0x00007ffba5061000 	C:\WINDOWS\System32\ucrtbase.dll
0x00007ffb838d0000 - 0x00007ffb838e9000 	C:\Program Files\Android\Android Studio\jre\bin\jli.dll
0x00007ffb7ed90000 - 0x00007ffb7eda7000 	C:\Program Files\Android\Android Studio\jre\bin\VCRUNTIME140.dll
0x00007ffba6710000 - 0x00007ffba68bc000 	C:\WINDOWS\System32\USER32.dll
0x00007ffba57b0000 - 0x00007ffba57d6000 	C:\WINDOWS\System32\win32u.dll
0x00007ffba7580000 - 0x00007ffba75a9000 	C:\WINDOWS\System32\GDI32.dll
0x00007ffba5070000 - 0x00007ffba5182000 	C:\WINDOWS\System32\gdi32full.dll
0x00007ffb7ff70000 - 0x00007ffb80215000 	C:\WINDOWS\WinSxS\amd64_microsoft.windows.common-controls_6595b64144ccf1df_6.0.22000.120_none_9d947278b86cc467\COMCTL32.dll
0x00007ffba57e0000 - 0x00007ffba587d000 	C:\WINDOWS\System32\msvcp_win.dll
0x00007ffba68c0000 - 0x00007ffba6963000 	C:\WINDOWS\System32\msvcrt.dll
0x00007ffba6530000 - 0x00007ffba6561000 	C:\WINDOWS\System32\IMM32.DLL
0x00007ffb42790000 - 0x00007ffb4282d000 	C:\Program Files\Android\Android Studio\jre\bin\msvcp140.dll
0x00007ffb1d8b0000 - 0x00007ffb1e395000 	C:\Program Files\Android\Android Studio\jre\bin\server\jvm.dll
0x00007ffba6c80000 - 0x00007ffba6d2e000 	C:\WINDOWS\System32\ADVAPI32.dll
0x00007ffba61b0000 - 0x00007ffba624e000 	C:\WINDOWS\System32\sechost.dll
0x00007ffba5f90000 - 0x00007ffba60b0000 	C:\WINDOWS\System32\RPCRT4.dll
0x00007ffba6190000 - 0x00007ffba6198000 	C:\WINDOWS\System32\PSAPI.DLL
0x00007ffb86bc0000 - 0x00007ffb86bc9000 	C:\WINDOWS\SYSTEM32\WSOCK32.dll
0x00007ffb9f040000 - 0x00007ffb9f073000 	C:\WINDOWS\SYSTEM32\WINMM.dll
0x00007ffba65f0000 - 0x00007ffba665f000 	C:\WINDOWS\System32\WS2_32.dll
0x00007ffb9b8b0000 - 0x00007ffb9b8ba000 	C:\WINDOWS\SYSTEM32\VERSION.dll
0x00007ffba4140000 - 0x00007ffba4158000 	C:\WINDOWS\SYSTEM32\kernel.appcore.dll
0x00007ffb8fbd0000 - 0x00007ffb8fbe1000 	C:\Program Files\Android\Android Studio\jre\bin\verify.dll
0x00007ffba2a40000 - 0x00007ffba2c61000 	C:\WINDOWS\SYSTEM32\DBGHELP.DLL
0x00007ffb8fb70000 - 0x00007ffb8fba1000 	C:\WINDOWS\SYSTEM32\dbgcore.DLL
0x00007ffba5880000 - 0x00007ffba58ff000 	C:\WINDOWS\System32\bcryptPrimitives.dll
0x00007ffb87af0000 - 0x00007ffb87b19000 	C:\Program Files\Android\Android Studio\jre\bin\java.dll
0x00007ffba2090000 - 0x00007ffba209b000 	C:\Program Files\Android\Android Studio\jre\bin\jimage.dll
0x00007ffb8f6b0000 - 0x00007ffb8f6c8000 	C:\Program Files\Android\Android Studio\jre\bin\zip.dll
0x00007ffba6d30000 - 0x00007ffba74df000 	C:\WINDOWS\System32\SHELL32.dll
0x00007ffba3050000 - 0x00007ffba38b8000 	C:\WINDOWS\SYSTEM32\windows.storage.dll
0x00007ffba5c10000 - 0x00007ffba5f88000 	C:\WINDOWS\System32\combase.dll
0x00007ffba2ee0000 - 0x00007ffba3046000 	C:\WINDOWS\SYSTEM32\wintypes.dll
0x00007ffba5900000 - 0x00007ffba59ea000 	C:\WINDOWS\System32\SHCORE.dll
0x00007ffba6570000 - 0x00007ffba65cd000 	C:\WINDOWS\System32\shlwapi.dll
0x00007ffba4e80000 - 0x00007ffba4ea1000 	C:\WINDOWS\SYSTEM32\profapi.dll
0x00007ffb87b80000 - 0x00007ffb87b9a000 	C:\Program Files\Android\Android Studio\jre\bin\net.dll
0x00007ffb9ef30000 - 0x00007ffb9f03c000 	C:\WINDOWS\SYSTEM32\WINHTTP.dll
0x00007ffba4570000 - 0x00007ffba45d7000 	C:\WINDOWS\system32\mswsock.dll
0x00007ffb87ad0000 - 0x00007ffb87ae4000 	C:\Program Files\Android\Android Studio\jre\bin\nio.dll

dbghelp: loaded successfully - version: 4.0.5 - missing functions: none
symbol engine: initialized successfully - sym options: 0x614 - pdb path: .;C:\Program Files\Android\Android Studio\jre\bin;C:\WINDOWS\SYSTEM32;C:\WINDOWS\WinSxS\amd64_microsoft.windows.common-controls_6595b64144ccf1df_6.0.22000.120_none_9d947278b86cc467;C:\Program Files\Android\Android Studio\jre\bin\server

VM Arguments:
java_command: org.jetbrains.kotlin.cli.jvm.K2JVMCompiler @C:\Users\ranja\Documents\GitHub\builder-app\node_modules\react-native-gradle-plugin\build\20220523_8547919790593207422.compiler.options
java_class_path (initial): C:\Users\ranja\.gradle\caches\modules-2\files-2.1\org.jetbrains.kotlin\kotlin-compiler-embeddable\1.6.10\88f2073f4020cdb83132cfe940ceb9a60aba54ea\kotlin-compiler-embeddable-1.6.10.jar;C:\Users\ranja\.gradle\caches\modules-2\files-2.1\org.jetbrains.kotlin\kotlin-reflect\1.6.10\1cbe9c92c12a94eea200d23c2bbaedaf3daf5132\kotlin-reflect-1.6.10.jar;C:\Users\ranja\.gradle\caches\modules-2\files-2.1\org.jetbrains.kotlin\kotlin-stdlib\1.6.10\b8af3fe6f1ca88526914929add63cf5e7c5049af\kotlin-stdlib-1.6.10.jar;C:\Users\ranja\.gradle\caches\modules-2\files-2.1\org.jetbrains.kotlin\kotlin-script-runtime\1.6.10\d0a7ff2e2500ef497ed0214ae40ad3c8387a6164\kotlin-script-runtime-1.6.10.jar;C:\Users\ranja\.gradle\caches\modules-2\files-2.1\org.jetbrains.kotlin\kotlin-daemon-embeddable\1.6.10\a56d79bcbea411fa6058e4ecffc2de73e742bd2a\kotlin-daemon-embeddable-1.6.10.jar;C:\Users\ranja\.gradle\caches\modules-2\files-2.1\org.jetbrains.intellij.deps\trove4j\1.0.20181211\216c2e14b070f334479d800987affe4054cd563f\trove4j-1.0.20181211.jar;C:\Users\ranja\.gradle\caches\modules-2\files-2.1\net.java.dev.jna\jna\5.6.0\330f2244e9030119ab3030fc3fededc86713d9cc\jna-5.6.0.jar;C:\Users\ranja\.gradle\caches\modules-2\files-2.1\org.jetbrains\annotations\13.0\919f0dfe192fb4e063e7dacadee7f8bb9a2672a9\annotations-13.0.jar;C:\Users\ranja\.gradle\caches\modules-2\files-2.1\org.jetbrains.kotlin\kotlin-stdlib-common\1.6.10\c118700e3a33c8a0d9adc920e9dec0831171925\kotlin-stdlib-common-1.6.10.jar
Launcher Type: SUN_STANDARD

[Global flags]
     intx CICompilerCount                          = 4                                         {product} {ergonomic}
     uint ConcGCThreads                            = 2                                         {product} {ergonomic}
     uint G1ConcRefinementThreads                  = 8                                         {product} {ergonomic}
   size_t G1HeapRegionSize                         = 1048576                                   {product} {ergonomic}
    uintx GCDrainStackTargetSize                   = 64                                        {product} {ergonomic}
   size_t InitialHeapSize                          = 132120576                                 {product} {ergonomic}
   size_t MarkStackSize                            = 4194304                                   {product} {ergonomic}
   size_t MaxHeapSize                              = 2109734912                                {product} {ergonomic}
   size_t MaxNewSize                               = 1265631232                                {product} {ergonomic}
   size_t MinHeapDeltaBytes                        = 1048576                                   {product} {ergonomic}
    uintx NonNMethodCodeHeapSize                   = 5836300                                {pd product} {ergonomic}
    uintx NonProfiledCodeHeapSize                  = 122910970                              {pd product} {ergonomic}
    uintx ProfiledCodeHeapSize                     = 122910970                              {pd product} {ergonomic}
    uintx ReservedCodeCacheSize                    = 251658240                              {pd product} {ergonomic}
     bool SegmentedCodeCache                       = true                                      {product} {ergonomic}
     bool UseCompressedClassPointers               = true                                 {lp64_product} {ergonomic}
     bool UseCompressedOops                        = true                                 {lp64_product} {ergonomic}
     bool UseG1GC                                  = true                                      {product} {ergonomic}
     bool UseLargePagesIndividualAllocation        = false                                  {pd product} {ergonomic}

Logging:
Log output configuration:
 #0: stdout all=warning uptime,level,tags
 #1: stderr all=off uptime,level,tags

Environment Variables:
PATH=C:\oraclexe\app\oracle\product\10.2.0\server\bin;C:\WINDOWS\system32;C:\WINDOWS;C:\WINDOWS\System32\Wbem;C:\WINDOWS\System32\WindowsPowerShell\v1.0\;C:\WINDOWS\System32\OpenSSH\;C:\Program Files\Git\cmd;C:\Program Files\nodejs\;C:\Program Files (x86)\dotnet\;C:\Users\ranja\AppData\Local\Microsoft\WindowsApps;C:\Users\ranja\AppData\Local\GitHubDesktop\bin;C:\Users\ranja\AppData\Roaming\npm;C:\Users\ranja\AppData\Local\Programs\Microsoft VS Code\bin;C:\Program Files\MongoDB\Server\5.0\bin;C:\Program Files\heroku\bin;C:\MinGW\bin
USERNAME=Arnav
OS=Windows_NT
PROCESSOR_IDENTIFIER=Intel64 Family 6 Model 142 Stepping 12, GenuineIntel



---------------  S Y S T E M  ---------------

OS: Windows 10 , 64 bit Build 22000 (10.0.22000.613)
OS uptime: 1 days 1:57 hours

CPU:total 8 (initial active 8) (4 cores per cpu, 2 threads per core) family 6 model 142 stepping 12 microcode 0xde, cmov, cx8, fxsr, mmx, sse, sse2, sse3, ssse3, sse4.1, sse4.2, popcnt, avx, avx2, aes, clmul, erms, 3dnowpref, lzcnt, ht, tsc, tscinvbit, bmi1, bmi2, adx, fma

Memory: 4k page, system-wide physical 8044M (208M free)
TotalPageFile size 13434M (AvailPageFile size 4M)
current process WorkingSet (physical memory assigned to process): 225M, peak: 227M
current process commit charge ("private bytes"): 388M, peak: 392M

vm_info: OpenJDK 64-Bit Server VM (11.0.12+7-b1504.28-7817840) for windows-amd64 JRE (11.0.12+7-b1504.28-7817840), built on Oct 13 2021 22:12:33 by "builder" with MS VC++ 14.0 (VS2015)

END.
